<?xml version="1.0" encoding="UTF-8"?>
<testng-results skipped="0" failed="0" ignored="0" total="1" passed="1">
  <reporter-output>
  </reporter-output>
  <suite name="Default suite" duration-ms="96796" started-at="2018-02-27T17:04:56Z" finished-at="2018-02-27T17:06:33Z">
    <groups>
    </groups>
    <test name="Default test" duration-ms="96796" started-at="2018-02-27T17:04:56Z" finished-at="2018-02-27T17:06:33Z">
      <class name="testCases.UpdateNotificationTwitter">
        <test-method status="PASS" signature="OpenBrowserTesting()[pri:0, instance:testCases.UpdateNotificationTwitter@59f99ea]" name="OpenBrowserTesting" duration-ms="96710" started-at="2018-02-27T17:04:56Z" finished-at="2018-02-27T17:06:33Z">
          <reporter-output>
          </reporter-output>
        </test-method> <!-- OpenBrowserTesting -->
      </class> <!-- testCases.UpdateNotificationTwitter -->
    </test> <!-- Default test -->
  </suite> <!-- Default suite -->
</testng-results>
